C251 COMPILER V5.60.0,  usart2                                                             13/02/23  16:20:12  PAGE 1   


C251 COMPILER V5.60.0, COMPILATION OF MODULE usart2
OBJECT MODULE PLACED IN .\Objects\usart2.obj
COMPILER INVOKED BY: D:\keil\C251\BIN\C251.EXE UART1\usart2.c XSMALL BROWSE INCDIR(.\ADC;.\I2C;.\LCD;.\System;.\UART1;.\
                    -Menu;.\KEY;..\实战-电流计_V2.0;.\Timer;.\SPI_Handler;.\CH224K;.\Pwm) DEBUG PRINT(.\Listings\usart2.lst) TABS(2) OBJECT(.
                    -\Objects\usart2.obj) 

stmt  level    source

    1          #include "usart2.h"
    2          
    3          
    4          
    5          void Uart2_Init(void)
    6          {
    7   1        S2_S = 1;       //UART2 switch to: 0: P1.0 P1.1,  1: P4.6 P4.7
    8   1        S2CON = 0x40; 
    9   1        
   10   1        S2REN =1;
   11   1        S2CFG = 0x01;
   12   1        T2L  = TM3;
   13   1        T2H  = TM3>>8;
   14   1        AUXR |= 0x14; //定时器2时钟1T模式,开始计时
   15   1      }
   16          void Uart2_Putc(unsigned char dat)
   17          {
   18   1        S2BUF  = dat; 
   19   1        while(S2TI == 0);
   20   1        S2TI = 0;    //Clear Tx flag
   21   1      }
   22          
   23          /*
   24          char putchar(char c)
   25          {
   26            Uart2_Putc(c);
   27            return c;
   28          }
   29          */


Module Information          Static   Overlayable
------------------------------------------------
  code size            =        46     ------
  ecode size           =    ------     ------
  data size            =    ------     ------
  idata size           =    ------     ------
  pdata size           =    ------     ------
  xdata size           =    ------     ------
  xdata-const size     =    ------     ------
  edata size           =    ------     ------
  bit size             =    ------     ------
  ebit size            =    ------     ------
  bitaddressable size  =    ------     ------
  ebitaddressable size =    ------     ------
  far data size        =    ------     ------
  huge data size       =    ------     ------
  const size           =    ------     ------
  hconst size          =    ------     ------
End of Module Information.


C251 COMPILATION COMPLETE.  0 WARNING(S),  0 ERROR(S)
